<?xml version="1.0" encoding="UTF-8"?>
<!-- Generated by org.testng.reporters.JUnitXMLReporter -->
<testsuite ignored="8" hostname="Julias-MacBook-Air.local" failures="4" tests="15" name="Surefire test" time="271.407" errors="0" timestamp="2023-04-02T17:02:30 EDT">
  <testcase classname="form.TestNGTestForm" name="@AfterMethod afterMethod" time="2.008">
    <failure type="java.lang.NullPointerException" message="Cannot invoke &amp;quot;org.openqa.selenium.WebDriver.quit()&amp;quot; because &amp;quot;utility.Helper.driver&amp;quot; is null">
      <![CDATA[java.lang.NullPointerException: Cannot invoke "org.openqa.selenium.WebDriver.quit()" because "utility.Helper.driver" is null
at utility.Helper.tearDown(Helper.java:51)
at form.TestNGTestForm.afterMethod(TestNGTestForm.java:55)
at java.base/java.util.ArrayList.forEach(ArrayList.java:1511)
... Removed 35 stack frames]]>
    </failure>
  </testcase> <!-- @AfterMethod afterMethod -->
  <testcase classname="form.TestNGTestForm" name="@BeforeMethod beforeMethod" time="0.0">
    <skipped/>
  </testcase> <!-- @BeforeMethod beforeMethod -->
  <testcase classname="form.TestNGTestForm" name="@AfterMethod afterMethod" time="0.0">
    <skipped/>
  </testcase> <!-- @AfterMethod afterMethod -->
  <testcase classname="form.TestNGTestForm" name="testCheckBoxes" time="0.039">
    <failure type="java.lang.NullPointerException" message="Cannot invoke &amp;quot;org.openqa.selenium.WebDriver.findElements(org.openqa.selenium.By)&amp;quot; because &amp;quot;this.driver&amp;quot; is null">
      <![CDATA[java.lang.NullPointerException: Cannot invoke "org.openqa.selenium.WebDriver.findElements(org.openqa.selenium.By)" because "this.driver" is null
at form.TestNGTestForm.testCheckBoxes(TestNGTestForm.java:48)
at java.base/java.util.ArrayList.forEach(ArrayList.java:1511)
... Removed 30 stack frames]]>
    </failure>
  </testcase> <!-- testCheckBoxes -->
  <testcase classname="form.TestNGTestForm" name="testTextBoxes" time="0.0">
    <skipped/>
  </testcase> <!-- testTextBoxes -->
  <testcase classname="form.TestForm" name="radioOne" time="18.006"/>
  <testcase classname="testNg.Test2" name="testMethod3" time="0.002"/>
  <testcase classname="testNg.Test2" name="testMethod4" time="0.001"/>
  <testcase classname="testNg.Test1" name="testMethod" time="0.001"/>
  <testcase classname="testNg.Test1" name="testMethod2" time="0.001"/>
  <testcase classname="login.NegativeLoginTest" name="TC01_negative_login" time="10.456">
    <failure type="org.openqa.selenium.ElementClickInterceptedException" message="Element &amp;lt;button id=&amp;quot;login-button&amp;quot; class=&amp;quot;login-button ng-tns-c382-2&amp;quot;&amp;gt; is not clickable at point (720,458) because another element &amp;lt;div class=&amp;quot;app-overlay&amp;quot;&amp;gt; obscures it
Build info: version: &amp;apos;4.8.2&amp;apos;, revision: &amp;apos;826dbfc730&amp;apos;
System info: os.name: &amp;apos;Mac OS X&amp;apos;, os.arch: &amp;apos;x86_64&amp;apos;, os.version: &amp;apos;13.2.1&amp;apos;, java.version: &amp;apos;19.0.1&amp;apos;
Driver info: org.openqa.selenium.firefox.FirefoxDriver
Command: [12b104b0-633f-4888-86b2-0f6c1a3e6f8a, clickElement {id=146c5d18-6e33-4ab5-b2f5-9673bef1c6a8}]
Capabilities {acceptInsecureCerts: true, browserName: firefox, browserVersion: 111.0.1, moz:accessibilityChecks: false, moz:buildID: 20230321111920, moz:debuggerAddress: 127.0.0.1:42243, moz:geckodriverVersion: 0.32.2, moz:headless: false, moz:platformVersion: 22.3.0, moz:processID: 25927, moz:profile: /var/folders/08/t9xfd6z51k9..., moz:shutdownTimeout: 60000, moz:useNonSpecCompliantPointerOrigin: false, moz:webdriverClick: true, moz:windowless: false, pageLoadStrategy: normal, platformName: MAC, proxy: Proxy(), se:cdp: ws://127.0.0.1:42243/devtoo..., se:cdpVersion: 85.0, setWindowRect: true, strictFileInteractability: false, timeouts: {implicit: 0, pageLoad: 300000, script: 30000}, unhandledPromptBehavior: dismiss and notify}
Element: [[FirefoxDriver: firefox on MAC (12b104b0-633f-4888-86b2-0f6c1a3e6f8a)] -&amp;gt; id: login-button]
Session ID: 12b104b0-633f-4888-86b2-0f6c1a3e6f8a">
      <![CDATA[org.openqa.selenium.ElementClickInterceptedException: Element <button id="login-button" class="login-button ng-tns-c382-2"> is not clickable at point (720,458) because another element <div class="app-overlay"> obscures it
Build info: version: '4.8.2', revision: '826dbfc730'
System info: os.name: 'Mac OS X', os.arch: 'x86_64', os.version: '13.2.1', java.version: '19.0.1'
Driver info: org.openqa.selenium.firefox.FirefoxDriver
Command: [12b104b0-633f-4888-86b2-0f6c1a3e6f8a, clickElement {id=146c5d18-6e33-4ab5-b2f5-9673bef1c6a8}]
Capabilities {acceptInsecureCerts: true, browserName: firefox, browserVersion: 111.0.1, moz:accessibilityChecks: false, moz:buildID: 20230321111920, moz:debuggerAddress: 127.0.0.1:42243, moz:geckodriverVersion: 0.32.2, moz:headless: false, moz:platformVersion: 22.3.0, moz:processID: 25927, moz:profile: /var/folders/08/t9xfd6z51k9..., moz:shutdownTimeout: 60000, moz:useNonSpecCompliantPointerOrigin: false, moz:webdriverClick: true, moz:windowless: false, pageLoadStrategy: normal, platformName: MAC, proxy: Proxy(), se:cdp: ws://127.0.0.1:42243/devtoo..., se:cdpVersion: 85.0, setWindowRect: true, strictFileInteractability: false, timeouts: {implicit: 0, pageLoad: 300000, script: 30000}, unhandledPromptBehavior: dismiss and notify}
Element: [[FirefoxDriver: firefox on MAC (12b104b0-633f-4888-86b2-0f6c1a3e6f8a)] -> id: login-button]
Session ID: 12b104b0-633f-4888-86b2-0f6c1a3e6f8a
at org.openqa.selenium.remote.codec.w3c.W3CHttpResponseCodec.createException(W3CHttpResponseCodec.java:200)
at org.openqa.selenium.remote.codec.w3c.W3CHttpResponseCodec.decode(W3CHttpResponseCodec.java:133)
at org.openqa.selenium.remote.codec.w3c.W3CHttpResponseCodec.decode(W3CHttpResponseCodec.java:53)
at org.openqa.selenium.remote.HttpCommandExecutor.execute(HttpCommandExecutor.java:193)
at org.openqa.selenium.remote.service.DriverCommandExecutor.invokeExecute(DriverCommandExecutor.java:183)
at org.openqa.selenium.remote.service.DriverCommandExecutor.execute(DriverCommandExecutor.java:158)
at org.openqa.selenium.remote.RemoteWebDriver.execute(RemoteWebDriver.java:543)
at org.openqa.selenium.remote.RemoteWebElement.execute(RemoteWebElement.java:257)
at org.openqa.selenium.remote.RemoteWebElement.click(RemoteWebElement.java:78)
at login.NegativeLoginTest.TC01_negative_login(NegativeLoginTest.java:14)
at java.base/java.util.ArrayList.forEach(ArrayList.java:1511)
... Removed 33 stack frames]]>
    </failure>
  </testcase> <!-- TC01_negative_login -->
  <testcase classname="login.NegativeLoginTest" name="TC02_negative_login_using_dataprovider" time="0.0">
    <failure type="org.testng.TestNGException" message="
Method public void login.NegativeLoginTest.TC02_negative_login_using_dataprovider(java.lang.String,java.lang.String) throws java.lang.InterruptedException requires a @DataProvider named : users">
      <![CDATA[org.testng.TestNGException: 
Method public void login.NegativeLoginTest.TC02_negative_login_using_dataprovider(java.lang.String,java.lang.String) throws java.lang.InterruptedException requires a @DataProvider named : users
at java.base/java.util.ArrayList.forEach(ArrayList.java:1511)
... Removed 29 stack frames]]>
    </failure>
  </testcase> <!-- TC02_negative_login_using_dataprovider -->
  <testcase classname="login.NegativeLoginTest" name="TC03_negative_login_csv" time="14.195"/>
  <testcase classname="login.NegativeLoginTest" name="TC03_negative_login_csv" time="12.859"/>
  <testcase classname="login.NegativeLoginTest" name="TC03_negative_login_csv" time="11.494"/>
  <testcase classname="login.NegativeLoginTest" name="TC03_negative_login_csv" time="9.742"/>
  <testcase classname="login.NegativeLoginTest" name="TC03_negative_login_csv" time="115.325">
    <failure type="org.testng.internal.reflect.MethodMatcherException" message="
[public void login.NegativeLoginTest.TC03_negative_login_csv(java.lang.String,java.lang.String) throws java.lang.InterruptedException] has no parameters defined but was found to be using a data provider (either explicitly specified or inherited from class level annotation).
Data provider mismatch
Method: TC03_negative_login_csv([java.lang.String arg0, java.lang.String arg1])
Arguments: [(java.lang.String) ]">
      <![CDATA[org.testng.internal.reflect.MethodMatcherException: 
[public void login.NegativeLoginTest.TC03_negative_login_csv(java.lang.String,java.lang.String) throws java.lang.InterruptedException] has no parameters defined but was found to be using a data provider (either explicitly specified or inherited from class level annotation).
Data provider mismatch
Method: TC03_negative_login_csv([java.lang.String arg0, java.lang.String arg1])
Arguments: [(java.lang.String) ]
at java.base/java.util.ArrayList.forEach(ArrayList.java:1511)
... Removed 27 stack frames]]>
    </failure>
  </testcase> <!-- TC03_negative_login_csv -->
  <testcase classname="login.PositiveLoginTest" name="TC01_positive_login" time="77.904"/>
  <testcase classname="testNg.BaseTest" name="@BeforeSuite beforeSuite" time="0.0">
    <ignored/>
  </testcase> <!-- @BeforeSuite beforeSuite -->
  <testcase classname="testNg.BaseTest" name="@AfterTest afterTest" time="0.0">
    <ignored/>
  </testcase> <!-- @AfterTest afterTest -->
  <testcase classname="testNg.BaseTest" name="@BeforeSuite beforeSuite" time="0.0">
    <ignored/>
  </testcase> <!-- @BeforeSuite beforeSuite -->
  <testcase classname="testNg.BaseTest" name="@AfterTest afterTest" time="0.0">
    <ignored/>
  </testcase> <!-- @AfterTest afterTest -->
  <testcase classname="testNg.BaseTest" name="@BeforeTest beforeTest" time="0.0">
    <ignored/>
  </testcase> <!-- @BeforeTest beforeTest -->
  <testcase classname="testNg.BaseTest" name="@BeforeTest beforeTest" time="0.0">
    <ignored/>
  </testcase> <!-- @BeforeTest beforeTest -->
  <testcase classname="testNg.BaseTest" name="@AfterSuite afterSuite" time="0.0">
    <ignored/>
  </testcase> <!-- @AfterSuite afterSuite -->
  <testcase classname="testNg.BaseTest" name="@AfterSuite afterSuite" time="0.0">
    <ignored/>
  </testcase> <!-- @AfterSuite afterSuite -->
</testsuite> <!-- Surefire test -->
