<?xml version="1.0" encoding="UTF-8"?>
<testng-results ignored="0" total="13" passed="13" failed="0" skipped="0">
  <reporter-output>
  </reporter-output>
  <suite started-at="2023-04-02T23:05:17 EDT" name="All Test Suite" finished-at="2023-04-02T23:09:19 EDT" duration-ms="242288">
    <groups>
    </groups>
    <test started-at="2023-04-02T23:05:17 EDT" name="Login Tests - FireFox" finished-at="2023-04-02T23:09:19 EDT" duration-ms="242288">
      <class name="login.NegativeLoginTest">
        <test-method is-config="true" signature="openURL(java.lang.String)[pri:0, instance:login.NegativeLoginTest@323b36e0]" started-at="2023-04-02T23:05:58 EDT" name="openURL" finished-at="2023-04-02T23:06:02 EDT" duration-ms="4188" status="PASS">
          <params>
            <param index="0">
              <value>
                <![CDATA[FF]]>
              </value>
            </param>
          </params>
          <reporter-output>
          </reporter-output>
        </test-method> <!-- openURL -->
        <test-method signature="TC01_negative_login()[pri:0, instance:login.NegativeLoginTest@323b36e0]" started-at="2023-04-02T23:06:02 EDT" name="TC01_negative_login" finished-at="2023-04-02T23:06:11 EDT" duration-ms="8543" status="PASS">
          <reporter-output>
          </reporter-output>
        </test-method> <!-- TC01_negative_login -->
        <test-method is-config="true" signature="closeAll()[pri:0, instance:login.NegativeLoginTest@323b36e0]" started-at="2023-04-02T23:06:11 EDT" name="closeAll" finished-at="2023-04-02T23:06:13 EDT" duration-ms="2455" status="PASS">
          <reporter-output>
          </reporter-output>
        </test-method> <!-- closeAll -->
        <test-method is-config="true" signature="openURL(java.lang.String)[pri:0, instance:login.NegativeLoginTest@323b36e0]" started-at="2023-04-02T23:06:13 EDT" name="openURL" finished-at="2023-04-02T23:06:17 EDT" duration-ms="4157" status="PASS">
          <params>
            <param index="0">
              <value>
                <![CDATA[FF]]>
              </value>
            </param>
          </params>
          <reporter-output>
          </reporter-output>
        </test-method> <!-- openURL -->
        <test-method signature="TC02_negative_login_using_dataprovider(java.lang.String,java.lang.String)[pri:0, instance:login.NegativeLoginTest@323b36e0]" started-at="2023-04-02T23:06:17 EDT" name="TC02_negative_login_using_dataprovider" data-provider="users" finished-at="2023-04-02T23:06:26 EDT" duration-ms="8879" status="PASS">
          <params>
            <param index="0">
              <value>
                <![CDATA[test]]>
              </value>
            </param>
            <param index="1">
              <value>
                <![CDATA[test]]>
              </value>
            </param>
          </params>
          <reporter-output>
          </reporter-output>
        </test-method> <!-- TC02_negative_login_using_dataprovider -->
        <test-method is-config="true" signature="closeAll()[pri:0, instance:login.NegativeLoginTest@323b36e0]" started-at="2023-04-02T23:06:26 EDT" name="closeAll" finished-at="2023-04-02T23:06:29 EDT" duration-ms="2495" status="PASS">
          <reporter-output>
          </reporter-output>
        </test-method> <!-- closeAll -->
        <test-method is-config="true" signature="openURL(java.lang.String)[pri:0, instance:login.NegativeLoginTest@323b36e0]" started-at="2023-04-02T23:06:29 EDT" name="openURL" finished-at="2023-04-02T23:06:33 EDT" duration-ms="3886" status="PASS">
          <params>
            <param index="0">
              <value>
                <![CDATA[FF]]>
              </value>
            </param>
          </params>
          <reporter-output>
          </reporter-output>
        </test-method> <!-- openURL -->
        <test-method signature="TC02_negative_login_using_dataprovider(java.lang.String,java.lang.String)[pri:0, instance:login.NegativeLoginTest@323b36e0]" started-at="2023-04-02T23:06:33 EDT" name="TC02_negative_login_using_dataprovider" data-provider="users" finished-at="2023-04-02T23:06:47 EDT" duration-ms="14052" status="PASS">
          <params>
            <param index="0">
              <value>
                <![CDATA[julia]]>
              </value>
            </param>
            <param index="1">
              <value>
                <![CDATA[2213]]>
              </value>
            </param>
          </params>
          <reporter-output>
          </reporter-output>
        </test-method> <!-- TC02_negative_login_using_dataprovider -->
        <test-method is-config="true" signature="closeAll()[pri:0, instance:login.NegativeLoginTest@323b36e0]" started-at="2023-04-02T23:06:47 EDT" name="closeAll" finished-at="2023-04-02T23:06:49 EDT" duration-ms="2462" status="PASS">
          <reporter-output>
          </reporter-output>
        </test-method> <!-- closeAll -->
        <test-method is-config="true" signature="openURL(java.lang.String)[pri:0, instance:login.NegativeLoginTest@323b36e0]" started-at="2023-04-02T23:06:49 EDT" name="openURL" finished-at="2023-04-02T23:06:53 EDT" duration-ms="3968" status="PASS">
          <params>
            <param index="0">
              <value>
                <![CDATA[FF]]>
              </value>
            </param>
          </params>
          <reporter-output>
          </reporter-output>
        </test-method> <!-- openURL -->
        <test-method signature="TC02_negative_login_using_dataprovider(java.lang.String,java.lang.String)[pri:0, instance:login.NegativeLoginTest@323b36e0]" started-at="2023-04-02T23:06:53 EDT" name="TC02_negative_login_using_dataprovider" data-provider="users" finished-at="2023-04-02T23:07:05 EDT" duration-ms="12191" status="PASS">
          <params>
            <param index="0">
              <value>
                <![CDATA[1234]]>
              </value>
            </param>
            <param index="1">
              <value>
                <![CDATA[test@123]]>
              </value>
            </param>
          </params>
          <reporter-output>
          </reporter-output>
        </test-method> <!-- TC02_negative_login_using_dataprovider -->
        <test-method is-config="true" signature="closeAll()[pri:0, instance:login.NegativeLoginTest@323b36e0]" started-at="2023-04-02T23:07:05 EDT" name="closeAll" finished-at="2023-04-02T23:07:08 EDT" duration-ms="2473" status="PASS">
          <reporter-output>
          </reporter-output>
        </test-method> <!-- closeAll -->
        <test-method is-config="true" signature="openURL(java.lang.String)[pri:0, instance:login.NegativeLoginTest@323b36e0]" started-at="2023-04-02T23:07:08 EDT" name="openURL" finished-at="2023-04-02T23:07:12 EDT" duration-ms="4337" status="PASS">
          <params>
            <param index="0">
              <value>
                <![CDATA[FF]]>
              </value>
            </param>
          </params>
          <reporter-output>
          </reporter-output>
        </test-method> <!-- openURL -->
        <test-method signature="TC02_negative_login_using_dataprovider(java.lang.String,java.lang.String)[pri:0, instance:login.NegativeLoginTest@323b36e0]" started-at="2023-04-02T23:07:12 EDT" name="TC02_negative_login_using_dataprovider" data-provider="users" finished-at="2023-04-02T23:07:22 EDT" duration-ms="9539" status="PASS">
          <params>
            <param index="0">
              <value>
                <![CDATA[test]]>
              </value>
            </param>
            <param index="1">
              <value>
                <![CDATA[test]]>
              </value>
            </param>
          </params>
          <reporter-output>
          </reporter-output>
        </test-method> <!-- TC02_negative_login_using_dataprovider -->
        <test-method is-config="true" signature="closeAll()[pri:0, instance:login.NegativeLoginTest@323b36e0]" started-at="2023-04-02T23:07:22 EDT" name="closeAll" finished-at="2023-04-02T23:07:24 EDT" duration-ms="2380" status="PASS">
          <reporter-output>
          </reporter-output>
        </test-method> <!-- closeAll -->
        <test-method is-config="true" signature="openURL(java.lang.String)[pri:0, instance:login.NegativeLoginTest@323b36e0]" started-at="2023-04-02T23:07:24 EDT" name="openURL" finished-at="2023-04-02T23:07:29 EDT" duration-ms="4711" status="PASS">
          <params>
            <param index="0">
              <value>
                <![CDATA[FF]]>
              </value>
            </param>
          </params>
          <reporter-output>
          </reporter-output>
        </test-method> <!-- openURL -->
        <test-method signature="TC02_negative_login_using_dataprovider(java.lang.String,java.lang.String)[pri:0, instance:login.NegativeLoginTest@323b36e0]" started-at="2023-04-02T23:07:29 EDT" name="TC02_negative_login_using_dataprovider" data-provider="users" finished-at="2023-04-02T23:07:41 EDT" duration-ms="12090" status="PASS">
          <params>
            <param index="0">
              <value>
                <![CDATA[julia]]>
              </value>
            </param>
            <param index="1">
              <value>
                <![CDATA[2213]]>
              </value>
            </param>
          </params>
          <reporter-output>
          </reporter-output>
        </test-method> <!-- TC02_negative_login_using_dataprovider -->
        <test-method is-config="true" signature="closeAll()[pri:0, instance:login.NegativeLoginTest@323b36e0]" started-at="2023-04-02T23:07:41 EDT" name="closeAll" finished-at="2023-04-02T23:07:43 EDT" duration-ms="2449" status="PASS">
          <reporter-output>
          </reporter-output>
        </test-method> <!-- closeAll -->
        <test-method is-config="true" signature="openURL(java.lang.String)[pri:0, instance:login.NegativeLoginTest@323b36e0]" started-at="2023-04-02T23:07:43 EDT" name="openURL" finished-at="2023-04-02T23:07:47 EDT" duration-ms="3890" status="PASS">
          <params>
            <param index="0">
              <value>
                <![CDATA[FF]]>
              </value>
            </param>
          </params>
          <reporter-output>
          </reporter-output>
        </test-method> <!-- openURL -->
        <test-method signature="TC02_negative_login_using_dataprovider(java.lang.String,java.lang.String)[pri:0, instance:login.NegativeLoginTest@323b36e0]" started-at="2023-04-02T23:07:47 EDT" name="TC02_negative_login_using_dataprovider" data-provider="users" finished-at="2023-04-02T23:07:56 EDT" duration-ms="8647" status="PASS">
          <params>
            <param index="0">
              <value>
                <![CDATA[1234]]>
              </value>
            </param>
            <param index="1">
              <value>
                <![CDATA[test@123]]>
              </value>
            </param>
          </params>
          <reporter-output>
          </reporter-output>
        </test-method> <!-- TC02_negative_login_using_dataprovider -->
        <test-method is-config="true" signature="closeAll()[pri:0, instance:login.NegativeLoginTest@323b36e0]" started-at="2023-04-02T23:07:56 EDT" name="closeAll" finished-at="2023-04-02T23:07:58 EDT" duration-ms="2468" status="PASS">
          <reporter-output>
          </reporter-output>
        </test-method> <!-- closeAll -->
        <test-method is-config="true" signature="openURL(java.lang.String)[pri:0, instance:login.NegativeLoginTest@323b36e0]" started-at="2023-04-02T23:07:58 EDT" name="openURL" finished-at="2023-04-02T23:08:02 EDT" duration-ms="4042" status="PASS">
          <params>
            <param index="0">
              <value>
                <![CDATA[FF]]>
              </value>
            </param>
          </params>
          <reporter-output>
          </reporter-output>
        </test-method> <!-- openURL -->
        <test-method signature="TC03_negative_login_csv(java.lang.String,java.lang.String)[pri:0, instance:login.NegativeLoginTest@323b36e0]" started-at="2023-04-02T23:08:02 EDT" name="TC03_negative_login_csv" data-provider="users_from_csv" finished-at="2023-04-02T23:08:13 EDT" duration-ms="10200" status="PASS">
          <params>
            <param index="0">
              <value>
                <![CDATA[test]]>
              </value>
            </param>
            <param index="1">
              <value>
                <![CDATA[test]]>
              </value>
            </param>
          </params>
          <reporter-output>
          </reporter-output>
        </test-method> <!-- TC03_negative_login_csv -->
        <test-method is-config="true" signature="closeAll()[pri:0, instance:login.NegativeLoginTest@323b36e0]" started-at="2023-04-02T23:08:13 EDT" name="closeAll" finished-at="2023-04-02T23:08:15 EDT" duration-ms="2382" status="PASS">
          <reporter-output>
          </reporter-output>
        </test-method> <!-- closeAll -->
        <test-method is-config="true" signature="openURL(java.lang.String)[pri:0, instance:login.NegativeLoginTest@323b36e0]" started-at="2023-04-02T23:08:15 EDT" name="openURL" finished-at="2023-04-02T23:08:18 EDT" duration-ms="3471" status="PASS">
          <params>
            <param index="0">
              <value>
                <![CDATA[FF]]>
              </value>
            </param>
          </params>
          <reporter-output>
          </reporter-output>
        </test-method> <!-- openURL -->
        <test-method signature="TC03_negative_login_csv(java.lang.String,java.lang.String)[pri:0, instance:login.NegativeLoginTest@323b36e0]" started-at="2023-04-02T23:08:18 EDT" name="TC03_negative_login_csv" data-provider="users_from_csv" finished-at="2023-04-02T23:08:28 EDT" duration-ms="9315" status="PASS">
          <params>
            <param index="0">
              <value>
                <![CDATA[test]]>
              </value>
            </param>
            <param index="1">
              <value>
                <![CDATA[12345]]>
              </value>
            </param>
          </params>
          <reporter-output>
          </reporter-output>
        </test-method> <!-- TC03_negative_login_csv -->
        <test-method is-config="true" signature="closeAll()[pri:0, instance:login.NegativeLoginTest@323b36e0]" started-at="2023-04-02T23:08:28 EDT" name="closeAll" finished-at="2023-04-02T23:08:30 EDT" duration-ms="2415" status="PASS">
          <reporter-output>
          </reporter-output>
        </test-method> <!-- closeAll -->
        <test-method is-config="true" signature="openURL(java.lang.String)[pri:0, instance:login.NegativeLoginTest@323b36e0]" started-at="2023-04-02T23:08:30 EDT" name="openURL" finished-at="2023-04-02T23:08:34 EDT" duration-ms="4189" status="PASS">
          <params>
            <param index="0">
              <value>
                <![CDATA[FF]]>
              </value>
            </param>
          </params>
          <reporter-output>
          </reporter-output>
        </test-method> <!-- openURL -->
        <test-method signature="TC03_negative_login_csv(java.lang.String,java.lang.String)[pri:0, instance:login.NegativeLoginTest@323b36e0]" started-at="2023-04-02T23:08:34 EDT" name="TC03_negative_login_csv" data-provider="users_from_csv" finished-at="2023-04-02T23:08:43 EDT" duration-ms="8808" status="PASS">
          <params>
            <param index="0">
              <value>
                <![CDATA[test23]]>
              </value>
            </param>
            <param index="1">
              <value>
                <![CDATA[$3243]]>
              </value>
            </param>
          </params>
          <reporter-output>
          </reporter-output>
        </test-method> <!-- TC03_negative_login_csv -->
        <test-method is-config="true" signature="closeAll()[pri:0, instance:login.NegativeLoginTest@323b36e0]" started-at="2023-04-02T23:08:43 EDT" name="closeAll" finished-at="2023-04-02T23:08:46 EDT" duration-ms="2456" status="PASS">
          <reporter-output>
          </reporter-output>
        </test-method> <!-- closeAll -->
        <test-method is-config="true" signature="openURL(java.lang.String)[pri:0, instance:login.NegativeLoginTest@323b36e0]" started-at="2023-04-02T23:08:46 EDT" name="openURL" finished-at="2023-04-02T23:08:50 EDT" duration-ms="4098" status="PASS">
          <params>
            <param index="0">
              <value>
                <![CDATA[FF]]>
              </value>
            </param>
          </params>
          <reporter-output>
          </reporter-output>
        </test-method> <!-- openURL -->
        <test-method signature="TC03_negative_login_csv(java.lang.String,java.lang.String)[pri:0, instance:login.NegativeLoginTest@323b36e0]" started-at="2023-04-02T23:08:50 EDT" name="TC03_negative_login_csv" data-provider="users_from_csv" finished-at="2023-04-02T23:08:59 EDT" duration-ms="9523" status="PASS">
          <params>
            <param index="0">
              <value>
                <![CDATA[test45]]>
              </value>
            </param>
            <param index="1">
              <value>
                <![CDATA[000000]]>
              </value>
            </param>
          </params>
          <reporter-output>
          </reporter-output>
        </test-method> <!-- TC03_negative_login_csv -->
        <test-method is-config="true" signature="closeAll()[pri:0, instance:login.NegativeLoginTest@323b36e0]" started-at="2023-04-02T23:08:59 EDT" name="closeAll" finished-at="2023-04-02T23:09:02 EDT" duration-ms="2463" status="PASS">
          <reporter-output>
          </reporter-output>
        </test-method> <!-- closeAll -->
        <test-method is-config="true" signature="openURL(java.lang.String)[pri:0, instance:login.NegativeLoginTest@323b36e0]" started-at="2023-04-02T23:09:02 EDT" name="openURL" finished-at="2023-04-02T23:09:08 EDT" duration-ms="5903" status="PASS">
          <params>
            <param index="0">
              <value>
                <![CDATA[FF]]>
              </value>
            </param>
          </params>
          <reporter-output>
          </reporter-output>
        </test-method> <!-- openURL -->
        <test-method signature="TC03_negative_login_csv(java.lang.String,java.lang.String)[pri:0, instance:login.NegativeLoginTest@323b36e0]" started-at="2023-04-02T23:09:08 EDT" name="TC03_negative_login_csv" data-provider="users_from_csv" finished-at="2023-04-02T23:09:16 EDT" duration-ms="8934" status="PASS">
          <params>
            <param index="0">
              <value>
                <![CDATA[$#$#]]>
              </value>
            </param>
            <param index="1">
              <value>
                <![CDATA[23232]]>
              </value>
            </param>
          </params>
          <reporter-output>
          </reporter-output>
        </test-method> <!-- TC03_negative_login_csv -->
        <test-method is-config="true" signature="closeAll()[pri:0, instance:login.NegativeLoginTest@323b36e0]" started-at="2023-04-02T23:09:16 EDT" name="closeAll" finished-at="2023-04-02T23:09:19 EDT" duration-ms="2468" status="PASS">
          <reporter-output>
          </reporter-output>
        </test-method> <!-- closeAll -->
      </class> <!-- login.NegativeLoginTest -->
      <class name="login.PositiveLoginTest">
        <test-method is-config="true" signature="openURL(java.lang.String)[pri:0, instance:login.PositiveLoginTest@28eaa59a]" started-at="2023-04-02T23:05:17 EDT" name="openURL" finished-at="2023-04-02T23:05:23 EDT" duration-ms="6270" status="PASS">
          <params>
            <param index="0">
              <value>
                <![CDATA[FF]]>
              </value>
            </param>
          </params>
          <reporter-output>
          </reporter-output>
        </test-method> <!-- openURL -->
        <test-method signature="TC01_positive_login()[pri:0, instance:login.PositiveLoginTest@28eaa59a]" started-at="2023-04-02T23:05:23 EDT" name="TC01_positive_login" finished-at="2023-04-02T23:05:55 EDT" duration-ms="32505" status="PASS">
          <reporter-output>
          </reporter-output>
        </test-method> <!-- TC01_positive_login -->
        <test-method is-config="true" signature="closeAll()[pri:0, instance:login.PositiveLoginTest@28eaa59a]" started-at="2023-04-02T23:05:55 EDT" name="closeAll" finished-at="2023-04-02T23:05:58 EDT" duration-ms="2528" status="PASS">
          <reporter-output>
          </reporter-output>
        </test-method> <!-- closeAll -->
      </class> <!-- login.PositiveLoginTest -->
    </test> <!-- Login Tests - FireFox -->
  </suite> <!-- All Test Suite -->
</testng-results>
