<?xml version="1.0" encoding="UTF-8"?>
<testsuite xmlns:xsi="http://www.w3.org/2001/XMLSchema-instance" xsi:noNamespaceSchemaLocation="https://maven.apache.org/surefire/maven-surefire-plugin/xsd/surefire-test-report-3.0.xsd" version="3.0" name="TestSuite" time="243.018" tests="13" errors="0" skipped="0" failures="0">
  <properties>
[...]
</properties>
  <testcase name="TC01_positive_login" classname="login.PositiveLoginTest" time="32.508">
    <system-out><![CDATA[Browser : FF
passed
true
]]></system-out>
    <system-err><![CDATA[SLF4J: Failed to load class "org.slf4j.impl.StaticLoggerBinder".
SLF4J: Defaulting to no-operation (NOP) logger implementation
SLF4J: See http://www.slf4j.org/codes.html#StaticLoggerBinder for further details.
Apr. 02, 2023 11:05:17 P.M. org.openqa.selenium.remote.tracing.opentelemetry.OpenTelemetryTracer createTracer
INFO: Using OpenTelemetry for tracing
]]></system-err>
  </testcase>
  <testcase name="TC01_negative_login" classname="login.NegativeLoginTest" time="8.543">
    <system-out><![CDATA[In After Method
Browser : FF
passed
]]></system-out>
  </testcase>
  <testcase name="TC02_negative_login_using_dataprovider[test, test](1)" classname="login.NegativeLoginTest" time="8.874">
    <system-out><![CDATA[In After Method
Browser : FF
passed
]]></system-out>
  </testcase>
  <testcase name="TC02_negative_login_using_dataprovider[julia, 2213](2)" classname="login.NegativeLoginTest" time="14.052">
    <system-out><![CDATA[In After Method
Browser : FF
passed
]]></system-out>
  </testcase>
  <testcase name="TC02_negative_login_using_dataprovider[1234, test@123](3)" classname="login.NegativeLoginTest" time="12.19">
    <system-out><![CDATA[In After Method
Browser : FF
passed
]]></system-out>
  </testcase>
  <testcase name="TC02_negative_login_using_dataprovider[test, test](4)" classname="login.NegativeLoginTest" time="9.538">
    <system-out><![CDATA[In After Method
Browser : FF
passed
]]></system-out>
  </testcase>
  <testcase name="TC02_negative_login_using_dataprovider[julia, 2213](5)" classname="login.NegativeLoginTest" time="12.09">
    <system-out><![CDATA[In After Method
Browser : FF
passed
]]></system-out>
  </testcase>
  <testcase name="TC02_negative_login_using_dataprovider[1234, test@123](6)" classname="login.NegativeLoginTest" time="8.646">
    <system-out><![CDATA[In After Method
Browser : FF
passed
]]></system-out>
  </testcase>
  <testcase name="TC03_negative_login_csv[test, test](1)" classname="login.NegativeLoginTest" time="10.2">
    <system-out><![CDATA[In After Method
Reading into Data Provider
Browser : FF
Username: test.... Password: test
passed
]]></system-out>
  </testcase>
  <testcase name="TC03_negative_login_csv[test, 12345](2)" classname="login.NegativeLoginTest" time="9.318">
    <system-out><![CDATA[In After Method
Browser : FF
Username: test.... Password: 12345
passed
]]></system-out>
  </testcase>
  <testcase name="TC03_negative_login_csv[test23, $3243](3)" classname="login.NegativeLoginTest" time="8.807">
    <system-out><![CDATA[In After Method
Browser : FF
Username: test23.... Password: $3243
passed
]]></system-out>
  </testcase>
  <testcase name="TC03_negative_login_csv[test45, 000000](4)" classname="login.NegativeLoginTest" time="9.522">
    <system-out><![CDATA[In After Method
Browser : FF
Username: test45.... Password: 000000
passed
]]></system-out>
  </testcase>
  <testcase name="TC03_negative_login_csv[$#$#, 23232](5)" classname="login.NegativeLoginTest" time="8.934">
    <system-out><![CDATA[In After Method
Browser : FF
Username: $#$#.... Password: 23232
passed
]]></system-out>
  </testcase>
</testsuite>