<?xml version="1.0" encoding="UTF-8" ?>
<testsuite tests="20" failures="3" name="TestSuite" time="153.44" errors="0" skipped="0">
  <properties>
[...]
</properties>
  <testcase classname="testNg.Test2" name="testMethod3" time="0.004"/>
  <testcase classname="testNg.Test2" name="testMethod4" time="0"/>
  <testcase classname="testNg.Test1" name="testMethod" time="0"/>
  <testcase classname="testNg.Test1" name="testMethod2" time="0.004"/>
  <testcase classname="login.NegativeLoginTest" name="TC01_negative_login" time="8.991"/>
  <testcase classname="login.NegativeLoginTest" name="TC02_negative_login_using_dataprovider" time="7.818"/>
  <testcase classname="login.NegativeLoginTest" name="TC02_negative_login_using_dataprovider" time="8.352"/>
  <testcase classname="login.NegativeLoginTest" name="TC02_negative_login_using_dataprovider" time="8.201"/>
  <testcase classname="login.NegativeLoginTest" name="TC02_negative_login_using_dataprovider" time="8.356"/>
  <testcase classname="login.NegativeLoginTest" name="TC02_negative_login_using_dataprovider" time="8.253"/>
  <testcase classname="login.NegativeLoginTest" name="TC02_negative_login_using_dataprovider" time="9.245"/>
  <testcase classname="login.NegativeLoginTest" name="TC03_negative_login_csv" time="9.118"/>
  <testcase classname="login.NegativeLoginTest" name="TC03_negative_login_csv" time="8.786"/>
  <testcase classname="login.NegativeLoginTest" name="TC03_negative_login_csv" time="9.074"/>
  <testcase classname="login.NegativeLoginTest" name="TC03_negative_login_csv" time="21.971"/>
  <testcase classname="login.NegativeLoginTest" name="TC03_negative_login_csv" time="9.308"/>
  <testcase classname="login.PositiveLoginTest" name="TC01_positive_login" time="27.421">
    <failure message="Unable to locate frame with index: 0
Build info: version: &apos;4.8.2&apos;, revision: &apos;826dbfc730&apos;
System info: os.name: &apos;Linux&apos;, os.arch: &apos;amd64&apos;, os.version: &apos;5.19.0-38-generic&apos;, java.version: &apos;11.0.18&apos;
Driver info: org.openqa.selenium.firefox.FirefoxDriver
Command: [1371d0c0-9390-4815-b504-dca58a424f64, switchToFrame {id=0}]
Capabilities {acceptInsecureCerts: true, browserName: firefox, browserVersion: 111.0.1, moz:accessibilityChecks: false, moz:buildID: 20230321162322, moz:debuggerAddress: 127.0.0.1:16416, moz:geckodriverVersion: 0.32.2, moz:headless: true, moz:platformVersion: 5.19.0-38-generic, moz:processID: 42471, moz:profile: /tmp/rust_mozprofileos5Tqa, moz:shutdownTimeout: 60000, moz:useNonSpecCompliantPointerOrigin: false, moz:webdriverClick: true, moz:windowless: false, pageLoadStrategy: normal, platformName: LINUX, proxy: Proxy(), se:cdp: ws://127.0.0.1:16416/devtoo..., se:cdpVersion: 85.0, setWindowRect: true, strictFileInteractability: false, timeouts: {implicit: 0, pageLoad: 300000, script: 30000}, unhandledPromptBehavior: dismiss and notify}
Session ID: 1371d0c0-9390-4815-b504-dca58a424f64" type="org.openqa.selenium.NoSuchFrameException">org.openqa.selenium.NoSuchFrameException: Unable to locate frame with index: 0
Build info: version: &apos;4.8.2&apos;, revision: &apos;826dbfc730&apos;
System info: os.name: &apos;Linux&apos;, os.arch: &apos;amd64&apos;, os.version: &apos;5.19.0-38-generic&apos;, java.version: &apos;11.0.18&apos;
Driver info: org.openqa.selenium.firefox.FirefoxDriver
Command: [1371d0c0-9390-4815-b504-dca58a424f64, switchToFrame {id=0}]
Capabilities {acceptInsecureCerts: true, browserName: firefox, browserVersion: 111.0.1, moz:accessibilityChecks: false, moz:buildID: 20230321162322, moz:debuggerAddress: 127.0.0.1:16416, moz:geckodriverVersion: 0.32.2, moz:headless: true, moz:platformVersion: 5.19.0-38-generic, moz:processID: 42471, moz:profile: /tmp/rust_mozprofileos5Tqa, moz:shutdownTimeout: 60000, moz:useNonSpecCompliantPointerOrigin: false, moz:webdriverClick: true, moz:windowless: false, pageLoadStrategy: normal, platformName: LINUX, proxy: Proxy(), se:cdp: ws://127.0.0.1:16416/devtoo..., se:cdpVersion: 85.0, setWindowRect: true, strictFileInteractability: false, timeouts: {implicit: 0, pageLoad: 300000, script: 30000}, unhandledPromptBehavior: dismiss and notify}
Session ID: 1371d0c0-9390-4815-b504-dca58a424f64
	at java.base/jdk.internal.reflect.NativeConstructorAccessorImpl.newInstance0(Native Method)
	at java.base/jdk.internal.reflect.NativeConstructorAccessorImpl.newInstance(NativeConstructorAccessorImpl.java:62)
	at java.base/jdk.internal.reflect.DelegatingConstructorAccessorImpl.newInstance(DelegatingConstructorAccessorImpl.java:45)
	at java.base/java.lang.reflect.Constructor.newInstance(Constructor.java:490)
	at org.openqa.selenium.remote.codec.w3c.W3CHttpResponseCodec.createException(W3CHttpResponseCodec.java:200)
	at org.openqa.selenium.remote.codec.w3c.W3CHttpResponseCodec.decode(W3CHttpResponseCodec.java:133)
	at org.openqa.selenium.remote.codec.w3c.W3CHttpResponseCodec.decode(W3CHttpResponseCodec.java:53)
	at org.openqa.selenium.remote.HttpCommandExecutor.execute(HttpCommandExecutor.java:193)
	at org.openqa.selenium.remote.service.DriverCommandExecutor.invokeExecute(DriverCommandExecutor.java:183)
	at org.openqa.selenium.remote.service.DriverCommandExecutor.execute(DriverCommandExecutor.java:158)
	at org.openqa.selenium.remote.RemoteWebDriver.execute(RemoteWebDriver.java:543)
	at org.openqa.selenium.remote.RemoteWebDriver$RemoteTargetLocator.frame(RemoteWebDriver.java:1000)
	at login.PositiveLoginTest.TC01_positive_login(PositiveLoginTest.java:17)
</failure>
    <system-out>In After Method
Browser : null
</system-out>
    <system-err>1680476187504	RemoteAgent	INFO	Perform WebSocket upgrade for incoming connection from 127.0.0.1:52232
1680476187508	CDP	WARN	Invalid browser preferences for CDP. Set &quot;fission.webContentIsolationStrategy&quot;to 0 and &quot;fission.bfcacheInParent&quot; to false before Firefox starts.
1680476187515	Marionette	INFO	Stopped listening on port 35269
1680476188180	geckodriver	INFO	Listening on 127.0.0.1:30830
1680476188215	mozrunner::runner	INFO	Running command: &quot;/snap/firefox/current/firefox.launcher&quot; &quot;--marionette&quot; &quot;--headless&quot; &quot;--incognito&quot; &quot;--ignore-errors&quot; &quot;--remo ... s&quot; &quot;http://127.0.0.1:16416/,http://localhost:16416/,http://[::1]:16416/&quot; &quot;-no-remote&quot; &quot;-profile&quot; &quot;/tmp/rust_mozprofileos5Tqa&quot;
*** You are running in headless mode.
Gtk-Message: 18:56:28.239: Not loading module &quot;atk-bridge&quot;: The functionality is provided by GTK natively. Please try to not load it.
console.warn: services.settings: Ignoring preference override of remote settings server
console.warn: services.settings: Allow by setting MOZ_REMOTE_SETTINGS_DEVTOOLS=1 in the environment
[GFX1-]: glxtest: VA-API test failed: failed to initialise VAAPI connection.
1680476189123	Marionette	INFO	Marionette enabled
1680476189128	Marionette	INFO	Listening on port 36035
console.error: &quot;Warning: unrecognized command line flag -incognito\n&quot;
WebDriver BiDi listening on ws://127.0.0.1:16416
Read port: 36035
1680476189372	RemoteAgent	WARN	TLS certificate errors will be ignored for this session
[GFX1-]: RenderCompositorSWGL failed mapping default framebuffer, no dt
console.error: ({})
console.warn: SearchSettings: &quot;get: No settings file exists, new profile?&quot; (new NotFoundError(&quot;Could not open the file at /tmp/rust_mozprofileos5Tqa/search.json.mozlz4&quot;, (void 0)))
DevTools listening on ws://127.0.0.1:16416/devtools/browser/4d700287-c8be-4185-b463-c9bedcdeed9a
console.warn: LoginRecipes: &quot;Falling back to a synchronous message for: https://suitecrm.theautomationtechies.com.&quot;
ALSA lib conf.c:4120:(snd_config_update_r) Cannot access file /usr/share/alsa/alsa.conf
ALSA lib seq.c:935:(snd_seq_open_noupdate) Unknown SEQ default
</system-err>
  </testcase>
  <testcase classname="form.TestNGTestForm" name="testCheckBoxes" time="0.005">
    <failure message="Session ID is null. Using WebDriver after calling quit()?
Build info: version: &apos;4.8.2&apos;, revision: &apos;826dbfc730&apos;
System info: os.name: &apos;Linux&apos;, os.arch: &apos;amd64&apos;, os.version: &apos;5.19.0-38-generic&apos;, java.version: &apos;11.0.18&apos;
Driver info: org.openqa.selenium.firefox.FirefoxDriver
Command: [null, findElements {using=xpath, value=//input[@type=&apos;checkbox&apos;]}]
Capabilities {acceptInsecureCerts: true, browserName: firefox, browserVersion: 111.0.1, moz:accessibilityChecks: false, moz:buildID: 20230321162322, moz:debuggerAddress: 127.0.0.1:16416, moz:geckodriverVersion: 0.32.2, moz:headless: true, moz:platformVersion: 5.19.0-38-generic, moz:processID: 42471, moz:profile: /tmp/rust_mozprofileos5Tqa, moz:shutdownTimeout: 60000, moz:useNonSpecCompliantPointerOrigin: false, moz:webdriverClick: true, moz:windowless: false, pageLoadStrategy: normal, platformName: LINUX, proxy: Proxy(), se:cdp: ws://127.0.0.1:16416/devtoo..., se:cdpVersion: 85.0, setWindowRect: true, strictFileInteractability: false, timeouts: {implicit: 0, pageLoad: 300000, script: 30000}, unhandledPromptBehavior: dismiss and notify}" type="org.openqa.selenium.NoSuchSessionException">org.openqa.selenium.NoSuchSessionException: Session ID is null. Using WebDriver after calling quit()?
Build info: version: &apos;4.8.2&apos;, revision: &apos;826dbfc730&apos;
System info: os.name: &apos;Linux&apos;, os.arch: &apos;amd64&apos;, os.version: &apos;5.19.0-38-generic&apos;, java.version: &apos;11.0.18&apos;
Driver info: org.openqa.selenium.firefox.FirefoxDriver
Command: [null, findElements {using=xpath, value=//input[@type=&apos;checkbox&apos;]}]
Capabilities {acceptInsecureCerts: true, browserName: firefox, browserVersion: 111.0.1, moz:accessibilityChecks: false, moz:buildID: 20230321162322, moz:debuggerAddress: 127.0.0.1:16416, moz:geckodriverVersion: 0.32.2, moz:headless: true, moz:platformVersion: 5.19.0-38-generic, moz:processID: 42471, moz:profile: /tmp/rust_mozprofileos5Tqa, moz:shutdownTimeout: 60000, moz:useNonSpecCompliantPointerOrigin: false, moz:webdriverClick: true, moz:windowless: false, pageLoadStrategy: normal, platformName: LINUX, proxy: Proxy(), se:cdp: ws://127.0.0.1:16416/devtoo..., se:cdpVersion: 85.0, setWindowRect: true, strictFileInteractability: false, timeouts: {implicit: 0, pageLoad: 300000, script: 30000}, unhandledPromptBehavior: dismiss and notify}
	at org.openqa.selenium.remote.HttpCommandExecutor.execute(HttpCommandExecutor.java:154)
	at org.openqa.selenium.remote.service.DriverCommandExecutor.invokeExecute(DriverCommandExecutor.java:183)
	at org.openqa.selenium.remote.service.DriverCommandExecutor.execute(DriverCommandExecutor.java:158)
	at org.openqa.selenium.remote.RemoteWebDriver.execute(RemoteWebDriver.java:543)
	at org.openqa.selenium.remote.ElementLocation$ElementFinder$2.findElements(ElementLocation.java:179)
	at org.openqa.selenium.remote.ElementLocation.findElements(ElementLocation.java:102)
	at org.openqa.selenium.remote.RemoteWebDriver.findElements(RemoteWebDriver.java:367)
	at org.openqa.selenium.remote.RemoteWebDriver.findElements(RemoteWebDriver.java:359)
	at form.TestNGTestForm.testCheckBoxes(TestNGTestForm.java:48)
</failure>
    <system-out>In After Method
</system-out>
    <system-err>1680476223450	RemoteAgent	INFO	Perform WebSocket upgrade for incoming connection from 127.0.0.1:48402
1680476223454	CDP	WARN	Invalid browser preferences for CDP. Set &quot;fission.webContentIsolationStrategy&quot;to 0 and &quot;fission.bfcacheInParent&quot; to false before Firefox starts.
1680476223458	Marionette	INFO	Stopped listening on port 36035
ALSA lib conf.c:4120:(snd_config_update_r) Cannot access file /usr/share/alsa/alsa.conf
ALSA lib seq.c:935:(snd_seq_open_noupdate) Unknown SEQ default
</system-err>
  </testcase>
  <testcase classname="form.TestNGTestForm" name="testTextBoxes" time="0.002">
    <failure message="Session ID is null. Using WebDriver after calling quit()?
Build info: version: &apos;4.8.2&apos;, revision: &apos;826dbfc730&apos;
System info: os.name: &apos;Linux&apos;, os.arch: &apos;amd64&apos;, os.version: &apos;5.19.0-38-generic&apos;, java.version: &apos;11.0.18&apos;
Driver info: org.openqa.selenium.firefox.FirefoxDriver
Command: [null, findElement {using=id, value=text1}]
Capabilities {acceptInsecureCerts: true, browserName: firefox, browserVersion: 111.0.1, moz:accessibilityChecks: false, moz:buildID: 20230321162322, moz:debuggerAddress: 127.0.0.1:16416, moz:geckodriverVersion: 0.32.2, moz:headless: true, moz:platformVersion: 5.19.0-38-generic, moz:processID: 42471, moz:profile: /tmp/rust_mozprofileos5Tqa, moz:shutdownTimeout: 60000, moz:useNonSpecCompliantPointerOrigin: false, moz:webdriverClick: true, moz:windowless: false, pageLoadStrategy: normal, platformName: LINUX, proxy: Proxy(), se:cdp: ws://127.0.0.1:16416/devtoo..., se:cdpVersion: 85.0, setWindowRect: true, strictFileInteractability: false, timeouts: {implicit: 0, pageLoad: 300000, script: 30000}, unhandledPromptBehavior: dismiss and notify}" type="org.openqa.selenium.NoSuchSessionException">org.openqa.selenium.NoSuchSessionException: Session ID is null. Using WebDriver after calling quit()?
Build info: version: &apos;4.8.2&apos;, revision: &apos;826dbfc730&apos;
System info: os.name: &apos;Linux&apos;, os.arch: &apos;amd64&apos;, os.version: &apos;5.19.0-38-generic&apos;, java.version: &apos;11.0.18&apos;
Driver info: org.openqa.selenium.firefox.FirefoxDriver
Command: [null, findElement {using=id, value=text1}]
Capabilities {acceptInsecureCerts: true, browserName: firefox, browserVersion: 111.0.1, moz:accessibilityChecks: false, moz:buildID: 20230321162322, moz:debuggerAddress: 127.0.0.1:16416, moz:geckodriverVersion: 0.32.2, moz:headless: true, moz:platformVersion: 5.19.0-38-generic, moz:processID: 42471, moz:profile: /tmp/rust_mozprofileos5Tqa, moz:shutdownTimeout: 60000, moz:useNonSpecCompliantPointerOrigin: false, moz:webdriverClick: true, moz:windowless: false, pageLoadStrategy: normal, platformName: LINUX, proxy: Proxy(), se:cdp: ws://127.0.0.1:16416/devtoo..., se:cdpVersion: 85.0, setWindowRect: true, strictFileInteractability: false, timeouts: {implicit: 0, pageLoad: 300000, script: 30000}, unhandledPromptBehavior: dismiss and notify}
	at org.openqa.selenium.remote.HttpCommandExecutor.execute(HttpCommandExecutor.java:154)
	at org.openqa.selenium.remote.service.DriverCommandExecutor.invokeExecute(DriverCommandExecutor.java:183)
	at org.openqa.selenium.remote.service.DriverCommandExecutor.execute(DriverCommandExecutor.java:158)
	at org.openqa.selenium.remote.RemoteWebDriver.execute(RemoteWebDriver.java:543)
	at org.openqa.selenium.remote.ElementLocation$ElementFinder$2.findElement(ElementLocation.java:162)
	at org.openqa.selenium.remote.ElementLocation.findElement(ElementLocation.java:60)
	at org.openqa.selenium.remote.RemoteWebDriver.findElement(RemoteWebDriver.java:352)
	at org.openqa.selenium.remote.RemoteWebDriver.findElement(RemoteWebDriver.java:344)
	at form.TestNGTestForm.testTextBoxes(TestNGTestForm.java:36)
</failure>
  </testcase>
  <testcase classname="form.TestForm" name="radioOne" time="8.531"/>
</testsuite>