<?xml version="1.0" encoding="UTF-8"?>
<!-- Generated by org.testng.reporters.JUnitXMLReporter -->
<testsuite ignored="0" hostname="testengineer" failures="0" tests="13" name="Login Tests - FireFox" time="242.288" errors="0" timestamp="2023-04-02T23:09:19 EDT">
  <testcase classname="login.PositiveLoginTest" name="TC01_positive_login" time="32.505"/>
  <testcase classname="login.NegativeLoginTest" name="TC01_negative_login" time="8.543"/>
  <testcase classname="login.NegativeLoginTest" name="TC02_negative_login_using_dataprovider" time="8.879"/>
  <testcase classname="login.NegativeLoginTest" name="TC02_negative_login_using_dataprovider" time="14.052"/>
  <testcase classname="login.NegativeLoginTest" name="TC02_negative_login_using_dataprovider" time="12.191"/>
  <testcase classname="login.NegativeLoginTest" name="TC02_negative_login_using_dataprovider" time="9.539"/>
  <testcase classname="login.NegativeLoginTest" name="TC02_negative_login_using_dataprovider" time="12.09"/>
  <testcase classname="login.NegativeLoginTest" name="TC02_negative_login_using_dataprovider" time="8.647"/>
  <testcase classname="login.NegativeLoginTest" name="TC03_negative_login_csv" time="10.2"/>
  <testcase classname="login.NegativeLoginTest" name="TC03_negative_login_csv" time="9.315"/>
  <testcase classname="login.NegativeLoginTest" name="TC03_negative_login_csv" time="8.808"/>
  <testcase classname="login.NegativeLoginTest" name="TC03_negative_login_csv" time="9.523"/>
  <testcase classname="login.NegativeLoginTest" name="TC03_negative_login_csv" time="8.934"/>
</testsuite> <!-- Login Tests - FireFox -->
