<?xml version="1.0" encoding="UTF-8"?>
<!-- Generated by org.testng.reporters.JUnitReportReporter -->
<testsuite hostname="testengineer" failures="0" tests="12" name="login.NegativeLoginTest" time="200.927" errors="0" timestamp="2023-04-02T23:09:19 EDT" skipped="0">
  <testcase classname="login.NegativeLoginTest" name="TC02_negative_login_using_dataprovider" time="18.650"/>
  <system-out/>
  <testcase classname="login.NegativeLoginTest" name="TC03_negative_login_csv" time="15.538"/>
  <system-out/>
  <testcase classname="login.NegativeLoginTest" name="TC02_negative_login_using_dataprovider" time="19.351"/>
  <system-out/>
  <testcase classname="login.NegativeLoginTest" name="TC02_negative_login_using_dataprovider" time="16.195"/>
  <system-out/>
  <testcase classname="login.NegativeLoginTest" name="TC02_negative_login_using_dataprovider" time="15.394"/>
  <system-out/>
  <testcase classname="login.NegativeLoginTest" name="TC02_negative_login_using_dataprovider" time="15.272"/>
  <system-out/>
  <testcase classname="login.NegativeLoginTest" name="TC03_negative_login_csv" time="15.904"/>
  <system-out/>
  <testcase classname="login.NegativeLoginTest" name="TC03_negative_login_csv" time="16.631"/>
  <system-out/>
  <testcase classname="login.NegativeLoginTest" name="TC02_negative_login_using_dataprovider" time="22.410"/>
  <system-out/>
  <testcase classname="login.NegativeLoginTest" name="TC03_negative_login_csv" time="15.601"/>
  <system-out/>
  <testcase classname="login.NegativeLoginTest" name="TC01_negative_login" time="14.813"/>
  <system-out/>
  <testcase classname="login.NegativeLoginTest" name="TC03_negative_login_csv" time="15.168"/>
  <system-out/>
</testsuite> <!-- login.NegativeLoginTest -->
