<?xml version="1.0" encoding="UTF-8"?>
<!-- Generated by org.testng.reporters.JUnitReportReporter -->
<testsuite hostname="testengineer" failures="0" tests="12" name="login.NegativeLoginTest" time="221.216" errors="0" timestamp="2023-04-02T18:57:16 EDT" skipped="0">
  <testcase classname="login.NegativeLoginTest" name="TC03_negative_login_csv" time="16.869"/>
  <system-out/>
  <testcase classname="login.NegativeLoginTest" name="TC03_negative_login_csv" time="17.681"/>
  <system-out/>
  <testcase classname="login.NegativeLoginTest" name="TC01_negative_login" time="16.342"/>
  <system-out/>
  <testcase classname="login.NegativeLoginTest" name="TC02_negative_login_using_dataprovider" time="18.947"/>
  <system-out/>
  <testcase classname="login.NegativeLoginTest" name="TC02_negative_login_using_dataprovider" time="19.427"/>
  <system-out/>
  <testcase classname="login.NegativeLoginTest" name="TC02_negative_login_using_dataprovider" time="16.798"/>
  <system-out/>
  <testcase classname="login.NegativeLoginTest" name="TC03_negative_login_csv" time="18.450"/>
  <system-out/>
  <testcase classname="login.NegativeLoginTest" name="TC02_negative_login_using_dataprovider" time="16.174"/>
  <system-out/>
  <testcase classname="login.NegativeLoginTest" name="TC03_negative_login_csv" time="16.643"/>
  <system-out/>
  <testcase classname="login.NegativeLoginTest" name="TC02_negative_login_using_dataprovider" time="17.380"/>
  <system-out/>
  <testcase classname="login.NegativeLoginTest" name="TC02_negative_login_using_dataprovider" time="16.411"/>
  <system-out/>
  <testcase classname="login.NegativeLoginTest" name="TC03_negative_login_csv" time="30.094"/>
  <system-out/>
</testsuite> <!-- login.NegativeLoginTest -->
